Base path: /Applications/Unity/Unity.app/Contents
Pipe name: \\.\pipe\UnityShaderCompiler-64bit-1-2007720704
Cmd: getPlatforms
Cmd: preprocess
  insize=530 outsize=290 ok=1
Cmd: preprocess
  insize=5299 outsize=2585 ok=1
Cmd: preprocess
  insize=5289 outsize=2575 ok=1
Cmd: compileSnippet
  api=0 type=0 insize=3016 outsize=745 kw= ok=1
Cmd: compileSnippet
  api=0 type=1 insize=3016 outsize=6 kw= ok=1
Cmd: preprocess
  insize=907 outsize=379 ok=1
Cmd: compileSnippet
  api=0 type=0 insize=827 outsize=284 kw= ok=1
Cmd: compileSnippet
  api=0 type=1 insize=827 outsize=6 kw= ok=1
Cmd: preprocess
  insize=453 outsize=1495 ok=1
Cmd: compileSnippet
  api=0 type=0 insize=6808 outsize=2255 kw=DIRECTIONAL SHADOWS_OFF LIGHTMAP_OFF DIRLIGHTMAP_OFF DYNAMICLIGHTMAP_OFF ok=1
Cmd: compileSnippet
  api=0 type=1 insize=6808 outsize=6 kw=DIRECTIONAL SHADOWS_OFF LIGHTMAP_OFF DIRLIGHTMAP_OFF DYNAMICLIGHTMAP_OFF ok=1
Cmd: compileSnippet
  api=0 type=0 insize=3645 outsize=1775 kw=POINT ok=1
Cmd: compileSnippet
  api=0 type=1 insize=3645 outsize=6 kw=POINT ok=1
Cmd: compileSnippet
  api=0 type=0 insize=2803 outsize=965 kw= ok=1
Cmd: compileSnippet
  api=0 type=1 insize=2803 outsize=6 kw= ok=1
Cmd: compileSnippet
  api=0 type=0 insize=5972 outsize=2688 kw=LIGHTMAP_OFF DIRLIGHTMAP_OFF DYNAMICLIGHTMAP_OFF HDR_LIGHT_PREPASS_OFF ok=1
Cmd: compileSnippet
  api=0 type=1 insize=5972 outsize=6 kw=LIGHTMAP_OFF DIRLIGHTMAP_OFF DYNAMICLIGHTMAP_OFF HDR_LIGHT_PREPASS_OFF ok=1
Cmd: compileSnippet
  api=0 type=0 insize=5926 outsize=2600 kw=LIGHTMAP_OFF DIRLIGHTMAP_OFF DYNAMICLIGHTMAP_OFF HDR_LIGHT_PREPASS_OFF ok=1
Cmd: compileSnippet
  api=0 type=1 insize=5926 outsize=6 kw=LIGHTMAP_OFF DIRLIGHTMAP_OFF DYNAMICLIGHTMAP_OFF HDR_LIGHT_PREPASS_OFF ok=1
Cmd: compileSnippet
  api=0 type=0 insize=2994 outsize=2336 kw= ok=1
Cmd: compileSnippet
  api=0 type=1 insize=2994 outsize=6 kw= ok=1
Cmd: preprocess
  insize=431 outsize=431 ok=1
Cmd: preprocess
  insize=5317 outsize=2603 ok=1
Cmd: compileSnippet
  api=0 type=0 insize=7075 outsize=2515 kw=DIRECTIONAL SHADOWS_OFF LIGHTMAP_OFF DIRLIGHTMAP_OFF DYNAMICLIGHTMAP_OFF ok=1
Cmd: compileSnippet
  api=0 type=1 insize=7075 outsize=6 kw=DIRECTIONAL SHADOWS_OFF LIGHTMAP_OFF DIRLIGHTMAP_OFF DYNAMICLIGHTMAP_OFF ok=1
Cmd: compileSnippet
  api=0 type=0 insize=6810 outsize=3245 kw=DIRECTIONAL SHADOWS_OFF LIGHTMAP_OFF DIRLIGHTMAP_OFF DYNAMICLIGHTMAP_OFF VERTEXLIGHT_ON ok=1
Cmd: compileSnippet
  api=0 type=0 insize=14306 outsize=3350 kw=DIRECTIONAL SHADOWS_OFF LIGHTMAP_OFF DIRLIGHTMAP_OFF DYNAMICLIGHTMAP_OFF VERTEXLIGHT_ON ok=1
